npm ERR! Darwin 15.4.0
npm ERR! argv "/usr/local/Cellar/node/6.2.0/bin/node" "/usr/local/bin/npm" "run" "listen"
npm ERR! node v6.2.0
npm ERR! npm  v3.8.9
npm ERR! path /Users/apple/Documents/Project/Maiqi/kake/package.json
npm ERR! code ENOENT
npm ERR! errno -2
npm ERR! syscall open

npm ERR! enoent ENOENT: no such file or directory, open '/Users/apple/Documents/Project/Maiqi/kake/package.json'
npm ERR! enoent ENOENT: no such file or directory, open '/Users/apple/Documents/Project/Maiqi/kake/package.json'
npm ERR! enoent This is most likely not a problem with npm itself
npm ERR! enoent and is related to npm not being able to find a file.
npm ERR! enoent 

npm ERR! Please include the following file with any support request:
npm ERR!     /Users/apple/Documents/Project/Maiqi/kake/npm-debug.log

Usage: npm <command>

where <command> is one of:
    access, adduser, bin, bugs, c, cache, completion, config,
    ddp, dedupe, deprecate, dist-tag, docs, edit, explore, get,
    help, help-search, i, init, install, install-test, it, link,
    list, ln, logout, ls, outdated, owner, pack, ping, prefix,
    prune, publish, rb, rebuild, repo, restart, root, run,
    run-script, s, se, search, set, shrinkwrap, star, stars,
    start, stop, t, tag, team, test, tst, un, uninstall,
    unpublish, unstar, up, update, v, version, view, whoami

npm <cmd> -h     quick help on <cmd>
npm -l           display full usage info
npm help <term>  search for help on <term>
npm help npm     involved overview

Specify configs in the ini-formatted file:
    /Users/apple/.npmrc
or on the command line via: npm <command> --key value
Config info can be viewed via: npm help config

npm@3.8.9 /usr/local/lib/node_modules/npm
